2017-05-08 14:01:03 INFO  LogHelper:31 - HHH000204: Processing PersistenceUnitInfo [
	name: default
	...]
2017-05-08 14:01:03 INFO  Version:45 - HHH000412: Hibernate Core {5.2.6.Final}
2017-05-08 14:01:03 INFO  Environment:213 - HHH000206: hibernate.properties not found
2017-05-08 14:01:03 INFO  Version:66 - HCANN000001: Hibernate Commons Annotations {5.0.1.Final}
2017-05-08 14:01:04 INFO  Dialect:157 - HHH000400: Using dialect: org.hibernate.dialect.MySQLDialect
2017-05-08 14:01:05 INFO  SchemaCreatorImpl:488 - HHH000476: Executing import script 'org.hibernate.tool.schema.internal.exec.ScriptSourceInputNonExistentImpl@31c2affc'
2017-05-08 14:01:05 INFO  QueryTranslatorFactoryInitiator:47 - HHH000397: Using ASTQueryTranslatorFactory
2017-05-08 16:03:05 INFO  LogHelper:31 - HHH000204: Processing PersistenceUnitInfo [
	name: default
	...]
2017-05-08 16:03:06 INFO  Version:45 - HHH000412: Hibernate Core {5.2.6.Final}
2017-05-08 16:03:06 INFO  Environment:213 - HHH000206: hibernate.properties not found
2017-05-08 16:03:06 INFO  Version:66 - HCANN000001: Hibernate Commons Annotations {5.0.1.Final}
2017-05-08 16:03:06 WARN  JdbcEnvironmentInitiator:132 - HHH000342: Could not obtain connection to query metadata : Cannot create JDBC driver of class '' for connect URL 'jdbc:postgresql://localhost:5432/ft'
2017-05-08 16:06:31 INFO  LogHelper:31 - HHH000204: Processing PersistenceUnitInfo [
	name: default
	...]
2017-05-08 16:06:32 INFO  Version:45 - HHH000412: Hibernate Core {5.2.6.Final}
2017-05-08 16:06:32 INFO  Environment:213 - HHH000206: hibernate.properties not found
2017-05-08 16:06:32 INFO  Version:66 - HCANN000001: Hibernate Commons Annotations {5.0.1.Final}
2017-05-08 16:06:32 WARN  JdbcEnvironmentInitiator:132 - HHH000342: Could not obtain connection to query metadata : Cannot create JDBC driver of class '' for connect URL 'jdbc:postgresql://localhost:5432/ft'
2017-05-08 16:06:32 INFO  Dialect:157 - HHH000400: Using dialect: org.hibernate.dialect.PostgresPlusDialect
2017-05-08 16:06:32 INFO  LobCreatorBuilderImpl:63 - HHH000422: Disabling contextual LOB creation as connection was null
2017-05-08 16:06:32 INFO  BasicTypeRegistry:148 - HHH000270: Type registration [java.util.UUID] overrides previous : org.hibernate.type.UUIDBinaryType@1d9bec4d
2017-05-08 16:06:32 WARN  SqlExceptionHelper:129 - SQL Error: 0, SQLState: null
2017-05-08 16:06:32 ERROR SqlExceptionHelper:131 - Cannot create JDBC driver of class '' for connect URL 'jdbc:postgresql://localhost:5432/ft'
2017-05-08 16:07:21 INFO  LogHelper:31 - HHH000204: Processing PersistenceUnitInfo [
	name: default
	...]
2017-05-08 16:07:21 INFO  Version:45 - HHH000412: Hibernate Core {5.2.6.Final}
2017-05-08 16:07:21 INFO  Environment:213 - HHH000206: hibernate.properties not found
2017-05-08 16:07:21 INFO  Version:66 - HCANN000001: Hibernate Commons Annotations {5.0.1.Final}
2017-05-08 16:07:21 WARN  JdbcEnvironmentInitiator:132 - HHH000342: Could not obtain connection to query metadata : Cannot load JDBC driver class '${database.driverClassName}'
2017-05-08 16:07:22 INFO  Dialect:157 - HHH000400: Using dialect: org.hibernate.dialect.PostgresPlusDialect
2017-05-08 16:07:22 INFO  LobCreatorBuilderImpl:63 - HHH000422: Disabling contextual LOB creation as connection was null
2017-05-08 16:07:22 INFO  BasicTypeRegistry:148 - HHH000270: Type registration [java.util.UUID] overrides previous : org.hibernate.type.UUIDBinaryType@224b4d61
2017-05-08 16:07:22 WARN  SqlExceptionHelper:129 - SQL Error: 0, SQLState: null
2017-05-08 16:07:22 ERROR SqlExceptionHelper:131 - Cannot load JDBC driver class '${database.driverClassName}'
2017-05-08 16:08:21 INFO  LogHelper:31 - HHH000204: Processing PersistenceUnitInfo [
	name: default
	...]
2017-05-08 16:08:22 INFO  Version:45 - HHH000412: Hibernate Core {5.2.6.Final}
2017-05-08 16:08:22 INFO  Environment:213 - HHH000206: hibernate.properties not found
2017-05-08 16:08:22 INFO  Version:66 - HCANN000001: Hibernate Commons Annotations {5.0.1.Final}
2017-05-08 16:08:22 WARN  JdbcEnvironmentInitiator:132 - HHH000342: Could not obtain connection to query metadata : Cannot load JDBC driver class 'org.postgresql.Driver'
2017-05-08 16:08:22 INFO  Dialect:157 - HHH000400: Using dialect: org.hibernate.dialect.PostgresPlusDialect
2017-05-08 16:08:22 INFO  LobCreatorBuilderImpl:63 - HHH000422: Disabling contextual LOB creation as connection was null
2017-05-08 16:08:22 INFO  BasicTypeRegistry:148 - HHH000270: Type registration [java.util.UUID] overrides previous : org.hibernate.type.UUIDBinaryType@224b4d61
2017-05-08 16:08:22 WARN  SqlExceptionHelper:129 - SQL Error: 0, SQLState: null
2017-05-08 16:08:22 ERROR SqlExceptionHelper:131 - Cannot load JDBC driver class 'org.postgresql.Driver'
2017-05-08 16:10:39 INFO  LogHelper:31 - HHH000204: Processing PersistenceUnitInfo [
	name: default
	...]
2017-05-08 16:10:39 INFO  Version:45 - HHH000412: Hibernate Core {5.2.6.Final}
2017-05-08 16:10:39 INFO  Environment:213 - HHH000206: hibernate.properties not found
2017-05-08 16:10:39 INFO  Version:66 - HCANN000001: Hibernate Commons Annotations {5.0.1.Final}
2017-05-08 16:10:39 INFO  Dialect:157 - HHH000400: Using dialect: org.hibernate.dialect.PostgresPlusDialect
2017-05-08 16:10:39 INFO  LobCreatorBuilderImpl:124 - HHH000424: Disabling contextual LOB creation as createClob() method threw error : java.lang.reflect.InvocationTargetException
2017-05-08 16:10:39 INFO  BasicTypeRegistry:148 - HHH000270: Type registration [java.util.UUID] overrides previous : org.hibernate.type.UUIDBinaryType@3fcdcf
2017-05-08 16:10:40 WARN  ExceptionHandlerLoggedImpl:27 - GenerationTarget encountered exception accepting command : Error executing DDL via JDBC Statement
org.hibernate.tool.schema.spi.CommandAcceptanceException: Error executing DDL via JDBC Statement
	at org.hibernate.tool.schema.internal.exec.GenerationTargetToDatabase.accept(GenerationTargetToDatabase.java:67)
	at org.hibernate.tool.schema.internal.SchemaDropperImpl.applySqlString(SchemaDropperImpl.java:374)
	at org.hibernate.tool.schema.internal.SchemaDropperImpl.applySqlStrings(SchemaDropperImpl.java:359)
	at org.hibernate.tool.schema.internal.SchemaDropperImpl.applyConstraintDropping(SchemaDropperImpl.java:331)
	at org.hibernate.tool.schema.internal.SchemaDropperImpl.dropFromMetadata(SchemaDropperImpl.java:230)
	at org.hibernate.tool.schema.internal.SchemaDropperImpl.performDrop(SchemaDropperImpl.java:154)
	at org.hibernate.tool.schema.internal.SchemaDropperImpl.doDrop(SchemaDropperImpl.java:126)
	at org.hibernate.tool.schema.internal.SchemaDropperImpl.doDrop(SchemaDropperImpl.java:112)
	at org.hibernate.tool.schema.spi.SchemaManagementToolCoordinator.performDatabaseAction(SchemaManagementToolCoordinator.java:144)
	at org.hibernate.tool.schema.spi.SchemaManagementToolCoordinator.process(SchemaManagementToolCoordinator.java:72)
	at org.hibernate.internal.SessionFactoryImpl.<init>(SessionFactoryImpl.java:309)
	at org.hibernate.boot.internal.SessionFactoryBuilderImpl.build(SessionFactoryBuilderImpl.java:445)
	at org.hibernate.jpa.boot.internal.EntityManagerFactoryBuilderImpl.build(EntityManagerFactoryBuilderImpl.java:889)
	at org.springframework.orm.jpa.vendor.SpringHibernateJpaPersistenceProvider.createContainerEntityManagerFactory(SpringHibernateJpaPersistenceProvider.java:60)
	at org.springframework.orm.jpa.LocalContainerEntityManagerFactoryBean.createNativeEntityManagerFactory(LocalContainerEntityManagerFactoryBean.java:353)
	at org.springframework.orm.jpa.AbstractEntityManagerFactoryBean.buildNativeEntityManagerFactory(AbstractEntityManagerFactoryBean.java:373)
	at org.springframework.orm.jpa.AbstractEntityManagerFactoryBean.afterPropertiesSet(AbstractEntityManagerFactoryBean.java:362)
	at org.springframework.beans.factory.support.AbstractAutowireCapableBeanFactory.invokeInitMethods(AbstractAutowireCapableBeanFactory.java:1687)
	at org.springframework.beans.factory.support.AbstractAutowireCapableBeanFactory.initializeBean(AbstractAutowireCapableBeanFactory.java:1624)
	at org.springframework.beans.factory.support.AbstractAutowireCapableBeanFactory.doCreateBean(AbstractAutowireCapableBeanFactory.java:555)
	at org.springframework.beans.factory.support.AbstractAutowireCapableBeanFactory.createBean(AbstractAutowireCapableBeanFactory.java:483)
	at org.springframework.beans.factory.support.AbstractBeanFactory$1.getObject(AbstractBeanFactory.java:306)
	at org.springframework.beans.factory.support.DefaultSingletonBeanRegistry.getSingleton(DefaultSingletonBeanRegistry.java:230)
	at org.springframework.beans.factory.support.AbstractBeanFactory.doGetBean(AbstractBeanFactory.java:302)
	at org.springframework.beans.factory.support.AbstractBeanFactory.getBean(AbstractBeanFactory.java:197)
	at org.springframework.context.support.AbstractApplicationContext.getBean(AbstractApplicationContext.java:1081)
	at org.springframework.context.support.AbstractApplicationContext.finishBeanFactoryInitialization(AbstractApplicationContext.java:856)
	at org.springframework.context.support.AbstractApplicationContext.refresh(AbstractApplicationContext.java:542)
	at org.springframework.web.context.ContextLoader.configureAndRefreshWebApplicationContext(ContextLoader.java:444)
	at org.springframework.web.context.ContextLoader.initWebApplicationContext(ContextLoader.java:326)
	at org.springframework.web.context.ContextLoaderListener.contextInitialized(ContextLoaderListener.java:107)
	at org.eclipse.jetty.server.handler.ContextHandler.callContextInitialized(ContextHandler.java:800)
	at org.eclipse.jetty.servlet.ServletContextHandler.callContextInitialized(ServletContextHandler.java:444)
	at org.eclipse.jetty.server.handler.ContextHandler.startContext(ContextHandler.java:791)
	at org.eclipse.jetty.servlet.ServletContextHandler.startContext(ServletContextHandler.java:294)
	at org.eclipse.jetty.webapp.WebAppContext.startWebapp(WebAppContext.java:1349)
	at org.eclipse.jetty.webapp.WebAppContext.startContext(WebAppContext.java:1342)
	at org.eclipse.jetty.server.handler.ContextHandler.doStart(ContextHandler.java:741)
	at org.eclipse.jetty.webapp.WebAppContext.doStart(WebAppContext.java:505)
	at org.eclipse.jetty.util.component.AbstractLifeCycle.start(AbstractLifeCycle.java:68)
	at org.eclipse.jetty.util.component.ContainerLifeCycle.start(ContainerLifeCycle.java:132)
	at org.eclipse.jetty.util.component.ContainerLifeCycle.doStart(ContainerLifeCycle.java:114)
	at org.eclipse.jetty.server.handler.AbstractHandler.doStart(AbstractHandler.java:61)
	at org.eclipse.jetty.server.handler.ContextHandlerCollection.doStart(ContextHandlerCollection.java:163)
	at org.eclipse.jetty.util.component.AbstractLifeCycle.start(AbstractLifeCycle.java:68)
	at org.eclipse.jetty.util.component.ContainerLifeCycle.start(ContainerLifeCycle.java:132)
	at org.eclipse.jetty.util.component.ContainerLifeCycle.doStart(ContainerLifeCycle.java:114)
	at org.eclipse.jetty.server.handler.AbstractHandler.doStart(AbstractHandler.java:61)
	at org.eclipse.jetty.util.component.AbstractLifeCycle.start(AbstractLifeCycle.java:68)
	at org.eclipse.jetty.util.component.ContainerLifeCycle.start(ContainerLifeCycle.java:132)
	at org.eclipse.jetty.server.Server.start(Server.java:387)
	at org.eclipse.jetty.util.component.ContainerLifeCycle.doStart(ContainerLifeCycle.java:114)
	at org.eclipse.jetty.server.handler.AbstractHandler.doStart(AbstractHandler.java:61)
	at org.eclipse.jetty.server.Server.doStart(Server.java:354)
	at org.eclipse.jetty.util.component.AbstractLifeCycle.start(AbstractLifeCycle.java:68)
	at org.eclipse.jetty.runner.Runner.run(Runner.java:509)
	at org.eclipse.jetty.runner.Runner.main(Runner.java:557)
Caused by: org.postgresql.util.PSQLException: ERROR: relation "debts" does not exist
	at org.postgresql.core.v3.QueryExecutorImpl.receiveErrorResponse(QueryExecutorImpl.java:2103)
	at org.postgresql.core.v3.QueryExecutorImpl.processResults(QueryExecutorImpl.java:1836)
	at org.postgresql.core.v3.QueryExecutorImpl.execute(QueryExecutorImpl.java:257)
	at org.postgresql.jdbc2.AbstractJdbc2Statement.execute(AbstractJdbc2Statement.java:512)
	at org.postgresql.jdbc2.AbstractJdbc2Statement.executeWithFlags(AbstractJdbc2Statement.java:374)
	at org.postgresql.jdbc2.AbstractJdbc2Statement.execute(AbstractJdbc2Statement.java:366)
	at org.apache.commons.dbcp.DelegatingStatement.execute(DelegatingStatement.java:264)
	at org.apache.commons.dbcp.DelegatingStatement.execute(DelegatingStatement.java:264)
	at org.hibernate.tool.schema.internal.exec.GenerationTargetToDatabase.accept(GenerationTargetToDatabase.java:54)
	... 56 more
2017-05-08 16:10:40 WARN  ExceptionHandlerLoggedImpl:27 - GenerationTarget encountered exception accepting command : Error executing DDL via JDBC Statement
org.hibernate.tool.schema.spi.CommandAcceptanceException: Error executing DDL via JDBC Statement
	at org.hibernate.tool.schema.internal.exec.GenerationTargetToDatabase.accept(GenerationTargetToDatabase.java:67)
	at org.hibernate.tool.schema.internal.SchemaDropperImpl.applySqlString(SchemaDropperImpl.java:374)
	at org.hibernate.tool.schema.internal.SchemaDropperImpl.applySqlStrings(SchemaDropperImpl.java:359)
	at org.hibernate.tool.schema.internal.SchemaDropperImpl.applyConstraintDropping(SchemaDropperImpl.java:331)
	at org.hibernate.tool.schema.internal.SchemaDropperImpl.dropFromMetadata(SchemaDropperImpl.java:230)
	at org.hibernate.tool.schema.internal.SchemaDropperImpl.performDrop(SchemaDropperImpl.java:154)
	at org.hibernate.tool.schema.internal.SchemaDropperImpl.doDrop(SchemaDropperImpl.java:126)
	at org.hibernate.tool.schema.internal.SchemaDropperImpl.doDrop(SchemaDropperImpl.java:112)
	at org.hibernate.tool.schema.spi.SchemaManagementToolCoordinator.performDatabaseAction(SchemaManagementToolCoordinator.java:144)
	at org.hibernate.tool.schema.spi.SchemaManagementToolCoordinator.process(SchemaManagementToolCoordinator.java:72)
	at org.hibernate.internal.SessionFactoryImpl.<init>(SessionFactoryImpl.java:309)
	at org.hibernate.boot.internal.SessionFactoryBuilderImpl.build(SessionFactoryBuilderImpl.java:445)
	at org.hibernate.jpa.boot.internal.EntityManagerFactoryBuilderImpl.build(EntityManagerFactoryBuilderImpl.java:889)
	at org.springframework.orm.jpa.vendor.SpringHibernateJpaPersistenceProvider.createContainerEntityManagerFactory(SpringHibernateJpaPersistenceProvider.java:60)
	at org.springframework.orm.jpa.LocalContainerEntityManagerFactoryBean.createNativeEntityManagerFactory(LocalContainerEntityManagerFactoryBean.java:353)
	at org.springframework.orm.jpa.AbstractEntityManagerFactoryBean.buildNativeEntityManagerFactory(AbstractEntityManagerFactoryBean.java:373)
	at org.springframework.orm.jpa.AbstractEntityManagerFactoryBean.afterPropertiesSet(AbstractEntityManagerFactoryBean.java:362)
	at org.springframework.beans.factory.support.AbstractAutowireCapableBeanFactory.invokeInitMethods(AbstractAutowireCapableBeanFactory.java:1687)
	at org.springframework.beans.factory.support.AbstractAutowireCapableBeanFactory.initializeBean(AbstractAutowireCapableBeanFactory.java:1624)
	at org.springframework.beans.factory.support.AbstractAutowireCapableBeanFactory.doCreateBean(AbstractAutowireCapableBeanFactory.java:555)
	at org.springframework.beans.factory.support.AbstractAutowireCapableBeanFactory.createBean(AbstractAutowireCapableBeanFactory.java:483)
	at org.springframework.beans.factory.support.AbstractBeanFactory$1.getObject(AbstractBeanFactory.java:306)
	at org.springframework.beans.factory.support.DefaultSingletonBeanRegistry.getSingleton(DefaultSingletonBeanRegistry.java:230)
	at org.springframework.beans.factory.support.AbstractBeanFactory.doGetBean(AbstractBeanFactory.java:302)
	at org.springframework.beans.factory.support.AbstractBeanFactory.getBean(AbstractBeanFactory.java:197)
	at org.springframework.context.support.AbstractApplicationContext.getBean(AbstractApplicationContext.java:1081)
	at org.springframework.context.support.AbstractApplicationContext.finishBeanFactoryInitialization(AbstractApplicationContext.java:856)
	at org.springframework.context.support.AbstractApplicationContext.refresh(AbstractApplicationContext.java:542)
	at org.springframework.web.context.ContextLoader.configureAndRefreshWebApplicationContext(ContextLoader.java:444)
	at org.springframework.web.context.ContextLoader.initWebApplicationContext(ContextLoader.java:326)
	at org.springframework.web.context.ContextLoaderListener.contextInitialized(ContextLoaderListener.java:107)
	at org.eclipse.jetty.server.handler.ContextHandler.callContextInitialized(ContextHandler.java:800)
	at org.eclipse.jetty.servlet.ServletContextHandler.callContextInitialized(ServletContextHandler.java:444)
	at org.eclipse.jetty.server.handler.ContextHandler.startContext(ContextHandler.java:791)
	at org.eclipse.jetty.servlet.ServletContextHandler.startContext(ServletContextHandler.java:294)
	at org.eclipse.jetty.webapp.WebAppContext.startWebapp(WebAppContext.java:1349)
	at org.eclipse.jetty.webapp.WebAppContext.startContext(WebAppContext.java:1342)
	at org.eclipse.jetty.server.handler.ContextHandler.doStart(ContextHandler.java:741)
	at org.eclipse.jetty.webapp.WebAppContext.doStart(WebAppContext.java:505)
	at org.eclipse.jetty.util.component.AbstractLifeCycle.start(AbstractLifeCycle.java:68)
	at org.eclipse.jetty.util.component.ContainerLifeCycle.start(ContainerLifeCycle.java:132)
	at org.eclipse.jetty.util.component.ContainerLifeCycle.doStart(ContainerLifeCycle.java:114)
	at org.eclipse.jetty.server.handler.AbstractHandler.doStart(AbstractHandler.java:61)
	at org.eclipse.jetty.server.handler.ContextHandlerCollection.doStart(ContextHandlerCollection.java:163)
	at org.eclipse.jetty.util.component.AbstractLifeCycle.start(AbstractLifeCycle.java:68)
	at org.eclipse.jetty.util.component.ContainerLifeCycle.start(ContainerLifeCycle.java:132)
	at org.eclipse.jetty.util.component.ContainerLifeCycle.doStart(ContainerLifeCycle.java:114)
	at org.eclipse.jetty.server.handler.AbstractHandler.doStart(AbstractHandler.java:61)
	at org.eclipse.jetty.util.component.AbstractLifeCycle.start(AbstractLifeCycle.java:68)
	at org.eclipse.jetty.util.component.ContainerLifeCycle.start(ContainerLifeCycle.java:132)
	at org.eclipse.jetty.server.Server.start(Server.java:387)
	at org.eclipse.jetty.util.component.ContainerLifeCycle.doStart(ContainerLifeCycle.java:114)
	at org.eclipse.jetty.server.handler.AbstractHandler.doStart(AbstractHandler.java:61)
	at org.eclipse.jetty.server.Server.doStart(Server.java:354)
	at org.eclipse.jetty.util.component.AbstractLifeCycle.start(AbstractLifeCycle.java:68)
	at org.eclipse.jetty.runner.Runner.run(Runner.java:509)
	at org.eclipse.jetty.runner.Runner.main(Runner.java:557)
Caused by: org.postgresql.util.PSQLException: ERROR: relation "debts" does not exist
	at org.postgresql.core.v3.QueryExecutorImpl.receiveErrorResponse(QueryExecutorImpl.java:2103)
	at org.postgresql.core.v3.QueryExecutorImpl.processResults(QueryExecutorImpl.java:1836)
	at org.postgresql.core.v3.QueryExecutorImpl.execute(QueryExecutorImpl.java:257)
	at org.postgresql.jdbc2.AbstractJdbc2Statement.execute(AbstractJdbc2Statement.java:512)
	at org.postgresql.jdbc2.AbstractJdbc2Statement.executeWithFlags(AbstractJdbc2Statement.java:374)
	at org.postgresql.jdbc2.AbstractJdbc2Statement.execute(AbstractJdbc2Statement.java:366)
	at org.apache.commons.dbcp.DelegatingStatement.execute(DelegatingStatement.java:264)
	at org.apache.commons.dbcp.DelegatingStatement.execute(DelegatingStatement.java:264)
	at org.hibernate.tool.schema.internal.exec.GenerationTargetToDatabase.accept(GenerationTargetToDatabase.java:54)
	... 56 more
2017-05-08 16:10:40 WARN  ExceptionHandlerLoggedImpl:27 - GenerationTarget encountered exception accepting command : Error executing DDL via JDBC Statement
org.hibernate.tool.schema.spi.CommandAcceptanceException: Error executing DDL via JDBC Statement
	at org.hibernate.tool.schema.internal.exec.GenerationTargetToDatabase.accept(GenerationTargetToDatabase.java:67)
	at org.hibernate.tool.schema.internal.SchemaDropperImpl.applySqlString(SchemaDropperImpl.java:374)
	at org.hibernate.tool.schema.internal.SchemaDropperImpl.applySqlStrings(SchemaDropperImpl.java:359)
	at org.hibernate.tool.schema.internal.SchemaDropperImpl.applyConstraintDropping(SchemaDropperImpl.java:331)
	at org.hibernate.tool.schema.internal.SchemaDropperImpl.dropFromMetadata(SchemaDropperImpl.java:230)
	at org.hibernate.tool.schema.internal.SchemaDropperImpl.performDrop(SchemaDropperImpl.java:154)
	at org.hibernate.tool.schema.internal.SchemaDropperImpl.doDrop(SchemaDropperImpl.java:126)
	at org.hibernate.tool.schema.internal.SchemaDropperImpl.doDrop(SchemaDropperImpl.java:112)
	at org.hibernate.tool.schema.spi.SchemaManagementToolCoordinator.performDatabaseAction(SchemaManagementToolCoordinator.java:144)
	at org.hibernate.tool.schema.spi.SchemaManagementToolCoordinator.process(SchemaManagementToolCoordinator.java:72)
	at org.hibernate.internal.SessionFactoryImpl.<init>(SessionFactoryImpl.java:309)
	at org.hibernate.boot.internal.SessionFactoryBuilderImpl.build(SessionFactoryBuilderImpl.java:445)
	at org.hibernate.jpa.boot.internal.EntityManagerFactoryBuilderImpl.build(EntityManagerFactoryBuilderImpl.java:889)
	at org.springframework.orm.jpa.vendor.SpringHibernateJpaPersistenceProvider.createContainerEntityManagerFactory(SpringHibernateJpaPersistenceProvider.java:60)
	at org.springframework.orm.jpa.LocalContainerEntityManagerFactoryBean.createNativeEntityManagerFactory(LocalContainerEntityManagerFactoryBean.java:353)
	at org.springframework.orm.jpa.AbstractEntityManagerFactoryBean.buildNativeEntityManagerFactory(AbstractEntityManagerFactoryBean.java:373)
	at org.springframework.orm.jpa.AbstractEntityManagerFactoryBean.afterPropertiesSet(AbstractEntityManagerFactoryBean.java:362)
	at org.springframework.beans.factory.support.AbstractAutowireCapableBeanFactory.invokeInitMethods(AbstractAutowireCapableBeanFactory.java:1687)
	at org.springframework.beans.factory.support.AbstractAutowireCapableBeanFactory.initializeBean(AbstractAutowireCapableBeanFactory.java:1624)
	at org.springframework.beans.factory.support.AbstractAutowireCapableBeanFactory.doCreateBean(AbstractAutowireCapableBeanFactory.java:555)
	at org.springframework.beans.factory.support.AbstractAutowireCapableBeanFactory.createBean(AbstractAutowireCapableBeanFactory.java:483)
	at org.springframework.beans.factory.support.AbstractBeanFactory$1.getObject(AbstractBeanFactory.java:306)
	at org.springframework.beans.factory.support.DefaultSingletonBeanRegistry.getSingleton(DefaultSingletonBeanRegistry.java:230)
	at org.springframework.beans.factory.support.AbstractBeanFactory.doGetBean(AbstractBeanFactory.java:302)
	at org.springframework.beans.factory.support.AbstractBeanFactory.getBean(AbstractBeanFactory.java:197)
	at org.springframework.context.support.AbstractApplicationContext.getBean(AbstractApplicationContext.java:1081)
	at org.springframework.context.support.AbstractApplicationContext.finishBeanFactoryInitialization(AbstractApplicationContext.java:856)
	at org.springframework.context.support.AbstractApplicationContext.refresh(AbstractApplicationContext.java:542)
	at org.springframework.web.context.ContextLoader.configureAndRefreshWebApplicationContext(ContextLoader.java:444)
	at org.springframework.web.context.ContextLoader.initWebApplicationContext(ContextLoader.java:326)
	at org.springframework.web.context.ContextLoaderListener.contextInitialized(ContextLoaderListener.java:107)
	at org.eclipse.jetty.server.handler.ContextHandler.callContextInitialized(ContextHandler.java:800)
	at org.eclipse.jetty.servlet.ServletContextHandler.callContextInitialized(ServletContextHandler.java:444)
	at org.eclipse.jetty.server.handler.ContextHandler.startContext(ContextHandler.java:791)
	at org.eclipse.jetty.servlet.ServletContextHandler.startContext(ServletContextHandler.java:294)
	at org.eclipse.jetty.webapp.WebAppContext.startWebapp(WebAppContext.java:1349)
	at org.eclipse.jetty.webapp.WebAppContext.startContext(WebAppContext.java:1342)
	at org.eclipse.jetty.server.handler.ContextHandler.doStart(ContextHandler.java:741)
	at org.eclipse.jetty.webapp.WebAppContext.doStart(WebAppContext.java:505)
	at org.eclipse.jetty.util.component.AbstractLifeCycle.start(AbstractLifeCycle.java:68)
	at org.eclipse.jetty.util.component.ContainerLifeCycle.start(ContainerLifeCycle.java:132)
	at org.eclipse.jetty.util.component.ContainerLifeCycle.doStart(ContainerLifeCycle.java:114)
	at org.eclipse.jetty.server.handler.AbstractHandler.doStart(AbstractHandler.java:61)
	at org.eclipse.jetty.server.handler.ContextHandlerCollection.doStart(ContextHandlerCollection.java:163)
	at org.eclipse.jetty.util.component.AbstractLifeCycle.start(AbstractLifeCycle.java:68)
	at org.eclipse.jetty.util.component.ContainerLifeCycle.start(ContainerLifeCycle.java:132)
	at org.eclipse.jetty.util.component.ContainerLifeCycle.doStart(ContainerLifeCycle.java:114)
	at org.eclipse.jetty.server.handler.AbstractHandler.doStart(AbstractHandler.java:61)
	at org.eclipse.jetty.util.component.AbstractLifeCycle.start(AbstractLifeCycle.java:68)
	at org.eclipse.jetty.util.component.ContainerLifeCycle.start(ContainerLifeCycle.java:132)
	at org.eclipse.jetty.server.Server.start(Server.java:387)
	at org.eclipse.jetty.util.component.ContainerLifeCycle.doStart(ContainerLifeCycle.java:114)
	at org.eclipse.jetty.server.handler.AbstractHandler.doStart(AbstractHandler.java:61)
	at org.eclipse.jetty.server.Server.doStart(Server.java:354)
	at org.eclipse.jetty.util.component.AbstractLifeCycle.start(AbstractLifeCycle.java:68)
	at org.eclipse.jetty.runner.Runner.run(Runner.java:509)
	at org.eclipse.jetty.runner.Runner.main(Runner.java:557)
Caused by: org.postgresql.util.PSQLException: ERROR: relation "payments" does not exist
	at org.postgresql.core.v3.QueryExecutorImpl.receiveErrorResponse(QueryExecutorImpl.java:2103)
	at org.postgresql.core.v3.QueryExecutorImpl.processResults(QueryExecutorImpl.java:1836)
	at org.postgresql.core.v3.QueryExecutorImpl.execute(QueryExecutorImpl.java:257)
	at org.postgresql.jdbc2.AbstractJdbc2Statement.execute(AbstractJdbc2Statement.java:512)
	at org.postgresql.jdbc2.AbstractJdbc2Statement.executeWithFlags(AbstractJdbc2Statement.java:374)
	at org.postgresql.jdbc2.AbstractJdbc2Statement.execute(AbstractJdbc2Statement.java:366)
	at org.apache.commons.dbcp.DelegatingStatement.execute(DelegatingStatement.java:264)
	at org.apache.commons.dbcp.DelegatingStatement.execute(DelegatingStatement.java:264)
	at org.hibernate.tool.schema.internal.exec.GenerationTargetToDatabase.accept(GenerationTargetToDatabase.java:54)
	... 56 more
2017-05-08 16:10:40 WARN  ExceptionHandlerLoggedImpl:27 - GenerationTarget encountered exception accepting command : Error executing DDL via JDBC Statement
org.hibernate.tool.schema.spi.CommandAcceptanceException: Error executing DDL via JDBC Statement
	at org.hibernate.tool.schema.internal.exec.GenerationTargetToDatabase.accept(GenerationTargetToDatabase.java:67)
	at org.hibernate.tool.schema.internal.SchemaDropperImpl.applySqlString(SchemaDropperImpl.java:374)
	at org.hibernate.tool.schema.internal.SchemaDropperImpl.applySqlStrings(SchemaDropperImpl.java:359)
	at org.hibernate.tool.schema.internal.SchemaDropperImpl.applyConstraintDropping(SchemaDropperImpl.java:331)
	at org.hibernate.tool.schema.internal.SchemaDropperImpl.dropFromMetadata(SchemaDropperImpl.java:230)
	at org.hibernate.tool.schema.internal.SchemaDropperImpl.performDrop(SchemaDropperImpl.java:154)
	at org.hibernate.tool.schema.internal.SchemaDropperImpl.doDrop(SchemaDropperImpl.java:126)
	at org.hibernate.tool.schema.internal.SchemaDropperImpl.doDrop(SchemaDropperImpl.java:112)
	at org.hibernate.tool.schema.spi.SchemaManagementToolCoordinator.performDatabaseAction(SchemaManagementToolCoordinator.java:144)
	at org.hibernate.tool.schema.spi.SchemaManagementToolCoordinator.process(SchemaManagementToolCoordinator.java:72)
	at org.hibernate.internal.SessionFactoryImpl.<init>(SessionFactoryImpl.java:309)
	at org.hibernate.boot.internal.SessionFactoryBuilderImpl.build(SessionFactoryBuilderImpl.java:445)
	at org.hibernate.jpa.boot.internal.EntityManagerFactoryBuilderImpl.build(EntityManagerFactoryBuilderImpl.java:889)
	at org.springframework.orm.jpa.vendor.SpringHibernateJpaPersistenceProvider.createContainerEntityManagerFactory(SpringHibernateJpaPersistenceProvider.java:60)
	at org.springframework.orm.jpa.LocalContainerEntityManagerFactoryBean.createNativeEntityManagerFactory(LocalContainerEntityManagerFactoryBean.java:353)
	at org.springframework.orm.jpa.AbstractEntityManagerFactoryBean.buildNativeEntityManagerFactory(AbstractEntityManagerFactoryBean.java:373)
	at org.springframework.orm.jpa.AbstractEntityManagerFactoryBean.afterPropertiesSet(AbstractEntityManagerFactoryBean.java:362)
	at org.springframework.beans.factory.support.AbstractAutowireCapableBeanFactory.invokeInitMethods(AbstractAutowireCapableBeanFactory.java:1687)
	at org.springframework.beans.factory.support.AbstractAutowireCapableBeanFactory.initializeBean(AbstractAutowireCapableBeanFactory.java:1624)
	at org.springframework.beans.factory.support.AbstractAutowireCapableBeanFactory.doCreateBean(AbstractAutowireCapableBeanFactory.java:555)
	at org.springframework.beans.factory.support.AbstractAutowireCapableBeanFactory.createBean(AbstractAutowireCapableBeanFactory.java:483)
	at org.springframework.beans.factory.support.AbstractBeanFactory$1.getObject(AbstractBeanFactory.java:306)
	at org.springframework.beans.factory.support.DefaultSingletonBeanRegistry.getSingleton(DefaultSingletonBeanRegistry.java:230)
	at org.springframework.beans.factory.support.AbstractBeanFactory.doGetBean(AbstractBeanFactory.java:302)
	at org.springframework.beans.factory.support.AbstractBeanFactory.getBean(AbstractBeanFactory.java:197)
	at org.springframework.context.support.AbstractApplicationContext.getBean(AbstractApplicationContext.java:1081)
	at org.springframework.context.support.AbstractApplicationContext.finishBeanFactoryInitialization(AbstractApplicationContext.java:856)
	at org.springframework.context.support.AbstractApplicationContext.refresh(AbstractApplicationContext.java:542)
	at org.springframework.web.context.ContextLoader.configureAndRefreshWebApplicationContext(ContextLoader.java:444)
	at org.springframework.web.context.ContextLoader.initWebApplicationContext(ContextLoader.java:326)
	at org.springframework.web.context.ContextLoaderListener.contextInitialized(ContextLoaderListener.java:107)
	at org.eclipse.jetty.server.handler.ContextHandler.callContextInitialized(ContextHandler.java:800)
	at org.eclipse.jetty.servlet.ServletContextHandler.callContextInitialized(ServletContextHandler.java:444)
	at org.eclipse.jetty.server.handler.ContextHandler.startContext(ContextHandler.java:791)
	at org.eclipse.jetty.servlet.ServletContextHandler.startContext(ServletContextHandler.java:294)
	at org.eclipse.jetty.webapp.WebAppContext.startWebapp(WebAppContext.java:1349)
	at org.eclipse.jetty.webapp.WebAppContext.startContext(WebAppContext.java:1342)
	at org.eclipse.jetty.server.handler.ContextHandler.doStart(ContextHandler.java:741)
	at org.eclipse.jetty.webapp.WebAppContext.doStart(WebAppContext.java:505)
	at org.eclipse.jetty.util.component.AbstractLifeCycle.start(AbstractLifeCycle.java:68)
	at org.eclipse.jetty.util.component.ContainerLifeCycle.start(ContainerLifeCycle.java:132)
	at org.eclipse.jetty.util.component.ContainerLifeCycle.doStart(ContainerLifeCycle.java:114)
	at org.eclipse.jetty.server.handler.AbstractHandler.doStart(AbstractHandler.java:61)
	at org.eclipse.jetty.server.handler.ContextHandlerCollection.doStart(ContextHandlerCollection.java:163)
	at org.eclipse.jetty.util.component.AbstractLifeCycle.start(AbstractLifeCycle.java:68)
	at org.eclipse.jetty.util.component.ContainerLifeCycle.start(ContainerLifeCycle.java:132)
	at org.eclipse.jetty.util.component.ContainerLifeCycle.doStart(ContainerLifeCycle.java:114)
	at org.eclipse.jetty.server.handler.AbstractHandler.doStart(AbstractHandler.java:61)
	at org.eclipse.jetty.util.component.AbstractLifeCycle.start(AbstractLifeCycle.java:68)
	at org.eclipse.jetty.util.component.ContainerLifeCycle.start(ContainerLifeCycle.java:132)
	at org.eclipse.jetty.server.Server.start(Server.java:387)
	at org.eclipse.jetty.util.component.ContainerLifeCycle.doStart(ContainerLifeCycle.java:114)
	at org.eclipse.jetty.server.handler.AbstractHandler.doStart(AbstractHandler.java:61)
	at org.eclipse.jetty.server.Server.doStart(Server.java:354)
	at org.eclipse.jetty.util.component.AbstractLifeCycle.start(AbstractLifeCycle.java:68)
	at org.eclipse.jetty.runner.Runner.run(Runner.java:509)
	at org.eclipse.jetty.runner.Runner.main(Runner.java:557)
Caused by: org.postgresql.util.PSQLException: ERROR: relation "payments" does not exist
	at org.postgresql.core.v3.QueryExecutorImpl.receiveErrorResponse(QueryExecutorImpl.java:2103)
	at org.postgresql.core.v3.QueryExecutorImpl.processResults(QueryExecutorImpl.java:1836)
	at org.postgresql.core.v3.QueryExecutorImpl.execute(QueryExecutorImpl.java:257)
	at org.postgresql.jdbc2.AbstractJdbc2Statement.execute(AbstractJdbc2Statement.java:512)
	at org.postgresql.jdbc2.AbstractJdbc2Statement.executeWithFlags(AbstractJdbc2Statement.java:374)
	at org.postgresql.jdbc2.AbstractJdbc2Statement.execute(AbstractJdbc2Statement.java:366)
	at org.apache.commons.dbcp.DelegatingStatement.execute(DelegatingStatement.java:264)
	at org.apache.commons.dbcp.DelegatingStatement.execute(DelegatingStatement.java:264)
	at org.hibernate.tool.schema.internal.exec.GenerationTargetToDatabase.accept(GenerationTargetToDatabase.java:54)
	... 56 more
2017-05-08 16:10:40 WARN  SqlExceptionHelper:217 - SQL Warning Code: 0, SQLState: 00000
2017-05-08 16:10:40 WARN  SqlExceptionHelper:218 - table "debts" does not exist, skipping
2017-05-08 16:10:40 WARN  SqlExceptionHelper:217 - SQL Warning Code: 0, SQLState: 00000
2017-05-08 16:10:40 WARN  SqlExceptionHelper:218 - table "payments" does not exist, skipping
2017-05-08 16:10:40 WARN  SqlExceptionHelper:217 - SQL Warning Code: 0, SQLState: 00000
2017-05-08 16:10:40 WARN  SqlExceptionHelper:218 - table "users" does not exist, skipping
2017-05-08 16:10:40 WARN  SqlExceptionHelper:217 - SQL Warning Code: 0, SQLState: 00000
2017-05-08 16:10:40 WARN  SqlExceptionHelper:218 - sequence "hibernate_sequence" does not exist, skipping
2017-05-08 16:10:40 INFO  SchemaCreatorImpl:488 - HHH000476: Executing import script 'org.hibernate.tool.schema.internal.exec.ScriptSourceInputNonExistentImpl@7f7af971'
2017-05-08 16:10:40 INFO  QueryTranslatorFactoryInitiator:47 - HHH000397: Using ASTQueryTranslatorFactory
2017-05-08 16:14:39 INFO  LogHelper:31 - HHH000204: Processing PersistenceUnitInfo [
	name: default
	...]
2017-05-08 16:14:39 INFO  Version:45 - HHH000412: Hibernate Core {5.2.6.Final}
2017-05-08 16:14:39 INFO  Environment:213 - HHH000206: hibernate.properties not found
2017-05-08 16:14:39 INFO  Version:66 - HCANN000001: Hibernate Commons Annotations {5.0.1.Final}
2017-05-08 16:14:39 INFO  Dialect:157 - HHH000400: Using dialect: org.hibernate.dialect.PostgresPlusDialect
2017-05-08 16:14:39 INFO  LobCreatorBuilderImpl:124 - HHH000424: Disabling contextual LOB creation as createClob() method threw error : java.lang.reflect.InvocationTargetException
2017-05-08 16:14:39 INFO  BasicTypeRegistry:148 - HHH000270: Type registration [java.util.UUID] overrides previous : org.hibernate.type.UUIDBinaryType@5dda14d0
2017-05-08 16:14:40 INFO  SchemaCreatorImpl:488 - HHH000476: Executing import script 'org.hibernate.tool.schema.internal.exec.ScriptSourceInputNonExistentImpl@96a75da'
2017-05-08 16:14:40 INFO  QueryTranslatorFactoryInitiator:47 - HHH000397: Using ASTQueryTranslatorFactory
2017-05-08 17:37:50 INFO  LogHelper:31 - HHH000204: Processing PersistenceUnitInfo [
	name: default
	...]
2017-05-08 17:37:50 INFO  Version:45 - HHH000412: Hibernate Core {5.2.6.Final}
2017-05-08 17:37:50 INFO  Environment:213 - HHH000206: hibernate.properties not found
2017-05-08 17:37:50 INFO  Version:66 - HCANN000001: Hibernate Commons Annotations {5.0.1.Final}
2017-05-08 17:37:50 INFO  Dialect:157 - HHH000400: Using dialect: org.hibernate.dialect.PostgresPlusDialect
2017-05-08 17:37:50 INFO  LobCreatorBuilderImpl:124 - HHH000424: Disabling contextual LOB creation as createClob() method threw error : java.lang.reflect.InvocationTargetException
2017-05-08 17:37:50 INFO  BasicTypeRegistry:148 - HHH000270: Type registration [java.util.UUID] overrides previous : org.hibernate.type.UUIDBinaryType@5bf61e67
2017-05-08 17:37:50 INFO  SchemaCreatorImpl:488 - HHH000476: Executing import script 'org.hibernate.tool.schema.internal.exec.ScriptSourceInputNonExistentImpl@6f6621e3'
2017-05-08 17:37:51 INFO  QueryTranslatorFactoryInitiator:47 - HHH000397: Using ASTQueryTranslatorFactory
2017-05-08 17:38:16 INFO  LogHelper:31 - HHH000204: Processing PersistenceUnitInfo [
	name: default
	...]
2017-05-08 17:38:16 INFO  Version:45 - HHH000412: Hibernate Core {5.2.6.Final}
2017-05-08 17:38:16 INFO  Environment:213 - HHH000206: hibernate.properties not found
2017-05-08 17:38:16 INFO  Version:66 - HCANN000001: Hibernate Commons Annotations {5.0.1.Final}
2017-05-08 17:38:17 INFO  Dialect:157 - HHH000400: Using dialect: org.hibernate.dialect.PostgresPlusDialect
2017-05-08 17:38:17 INFO  LobCreatorBuilderImpl:124 - HHH000424: Disabling contextual LOB creation as createClob() method threw error : java.lang.reflect.InvocationTargetException
2017-05-08 17:38:17 INFO  BasicTypeRegistry:148 - HHH000270: Type registration [java.util.UUID] overrides previous : org.hibernate.type.UUIDBinaryType@5bf61e67
2017-05-08 17:38:17 INFO  SchemaCreatorImpl:488 - HHH000476: Executing import script 'org.hibernate.tool.schema.internal.exec.ScriptSourceInputNonExistentImpl@6f6621e3'
2017-05-08 17:38:17 INFO  QueryTranslatorFactoryInitiator:47 - HHH000397: Using ASTQueryTranslatorFactory
2017-05-08 17:45:15 INFO  LogHelper:31 - HHH000204: Processing PersistenceUnitInfo [
	name: default
	...]
2017-05-08 17:45:16 INFO  Version:45 - HHH000412: Hibernate Core {5.2.6.Final}
2017-05-08 17:45:16 INFO  Environment:213 - HHH000206: hibernate.properties not found
2017-05-08 17:45:16 INFO  Version:66 - HCANN000001: Hibernate Commons Annotations {5.0.1.Final}
2017-05-08 17:45:16 INFO  Dialect:157 - HHH000400: Using dialect: org.hibernate.dialect.PostgresPlusDialect
2017-05-08 17:45:16 INFO  LobCreatorBuilderImpl:124 - HHH000424: Disabling contextual LOB creation as createClob() method threw error : java.lang.reflect.InvocationTargetException
2017-05-08 17:45:16 INFO  BasicTypeRegistry:148 - HHH000270: Type registration [java.util.UUID] overrides previous : org.hibernate.type.UUIDBinaryType@30865a90
2017-05-08 17:45:16 INFO  SchemaCreatorImpl:488 - HHH000476: Executing import script 'org.hibernate.tool.schema.internal.exec.ScriptSourceInputNonExistentImpl@7df76d99'
2017-05-08 17:45:17 INFO  QueryTranslatorFactoryInitiator:47 - HHH000397: Using ASTQueryTranslatorFactory
2017-05-08 17:59:39 INFO  LogHelper:31 - HHH000204: Processing PersistenceUnitInfo [
	name: default
	...]
2017-05-08 17:59:39 INFO  Version:45 - HHH000412: Hibernate Core {5.2.6.Final}
2017-05-08 17:59:39 INFO  Environment:213 - HHH000206: hibernate.properties not found
2017-05-08 17:59:39 INFO  Version:66 - HCANN000001: Hibernate Commons Annotations {5.0.1.Final}
2017-05-08 17:59:39 INFO  Dialect:157 - HHH000400: Using dialect: org.hibernate.dialect.PostgresPlusDialect
2017-05-08 17:59:39 INFO  LobCreatorBuilderImpl:124 - HHH000424: Disabling contextual LOB creation as createClob() method threw error : java.lang.reflect.InvocationTargetException
2017-05-08 17:59:39 INFO  BasicTypeRegistry:148 - HHH000270: Type registration [java.util.UUID] overrides previous : org.hibernate.type.UUIDBinaryType@26f3d90c
2017-05-08 17:59:40 INFO  SchemaCreatorImpl:488 - HHH000476: Executing import script 'org.hibernate.tool.schema.internal.exec.ScriptSourceInputNonExistentImpl@50d951e7'
2017-05-08 17:59:40 INFO  QueryTranslatorFactoryInitiator:47 - HHH000397: Using ASTQueryTranslatorFactory
